<?xml version="1.0" encoding="utf-8"?><testsuites><testsuite name="pytest" errors="0" failures="0" skipped="0" tests="3" time="19.371" timestamp="2022-09-06T14:53:32.215448" hostname="ChandNaz"><testcase classname="test_HomePage.TestHomePage" name="test_formSubmission[getData0]" time="5.780" /><testcase classname="test_HomePage.TestHomePage" name="test_formSubmission[getData1]" time="1.609" /><testcase classname="test_python_e2e_practise.Testcase1" name="test_e2e" time="11.877" /></testsuite></testsuites>